----------

Sun Dec 16 2018 13:21:24 GMT+0100 (CET)

To github.com:energychain/stromkonto.git
   b33e5ec..7b50694  master -> master


----------

Sun Dec 16 2018 17:03:08 GMT+0100 (CET)

To github.com:energychain/stromkonto.git
   7b50694..4e88f51  master -> master


----------

Sun Dec 16 2018 18:40:15 GMT+0100 (CET)

To github.com:energychain/stromkonto.git
   4e88f51..dc91d0e  master -> master


----------

Sun Dec 16 2018 18:40:28 GMT+0100 (CET)

To github.com:energychain/stromkonto.git
   dc91d0e..4c28a29  master -> master


----------

Sun Dec 16 2018 18:46:10 GMT+0100 (CET)

To github.com:energychain/stromkonto.git
   4c28a29..b738896  master -> master


----------

Sun Dec 16 2018 19:05:48 GMT+0100 (CET)

To github.com:energychain/stromkonto.git
   b738896..d777d1b  master -> master


----------

Sun Dec 16 2018 19:07:04 GMT+0100 (CET)

To github.com:energychain/stromkonto.git
   d777d1b..3a3d76d  master -> master


----------

Sun Dec 16 2018 19:07:51 GMT+0100 (CET)

To github.com:energychain/stromkonto.git
   3a3d76d..84c60b3  master -> master


----------

Mon Dec 17 2018 23:15:28 GMT+0100 (CET)

To github.com:energychain/stromkonto.git
   84c60b3..e2c4d7e  master -> master


----------

Mon Dec 17 2018 23:22:03 GMT+0100 (CET)

To github.com:energychain/stromkonto.git
   e2c4d7e..e35e173  master -> master


----------

Mon Dec 17 2018 23:22:11 GMT+0100 (CET)

To github.com:energychain/stromkonto.git
   e35e173..a105b22  master -> master


----------

Mon Dec 17 2018 23:32:19 GMT+0100 (CET)

To github.com:energychain/stromkonto.git
   a105b22..a6f69a5  master -> master


----------

Tue Dec 18 2018 10:21:47 GMT+0100 (CET)

To github.com:energychain/stromkonto.git
   a6f69a5..49b8023  master -> master


----------

Tue Dec 18 2018 10:24:10 GMT+0100 (CET)

To github.com:energychain/stromkonto.git
   49b8023..6fee8d9  master -> master


----------

Tue Dec 18 2018 10:30:32 GMT+0100 (CET)

To github.com:energychain/stromkonto.git
   6fee8d9..360964c  master -> master


----------

Tue Dec 18 2018 10:33:44 GMT+0100 (CET)

ssh: Could not resolve hostname github.com: Name or service not known


----------

Tue Dec 18 2018 10:33:44 GMT+0100 (CET)

fatal: Konnte nicht vom Remote-Repository lesen.

Bitte stellen Sie sicher, dass die korrekten Zugriffsberechtigungen bestehen
und das Repository existiert.


----------

Tue Dec 18 2018 10:45:27 GMT+0100 (CET)

To github.com:energychain/stromkonto.git
   360964c..64c27b9  master -> master


----------

Tue Dec 18 2018 11:10:40 GMT+0100 (CET)

To github.com:energychain/stromkonto.git
   64c27b9..9eb777d  master -> master


----------

Tue Dec 18 2018 11:15:30 GMT+0100 (CET)

To github.com:energychain/stromkonto.git
   9eb777d..31139a9  master -> master


----------

Tue Dec 18 2018 11:18:27 GMT+0100 (CET)

To github.com:energychain/stromkonto.git
   31139a9..a164293  master -> master


----------

Tue Dec 18 2018 11:30:22 GMT+0100 (CET)

To github.com:energychain/stromkonto.git
   a164293..2c57f89  master -> master


----------

Tue Dec 18 2018 11:32:12 GMT+0100 (CET)

To github.com:energychain/stromkonto.git
   2c57f89..05ef6fa  master -> master


----------

Tue Dec 18 2018 11:32:12 GMT+0100 (CET)

To github.com:energychain/stromkonto.git
 ! [remote rejected] master -> master (cannot lock ref 'refs/heads/master': is at 05ef6facf8a39f2faa2419f6112cdda19d4db9a6 but expected 2c57f89f006f31da0fa5cb2cd466554a47743302)


----------

Tue Dec 18 2018 11:32:12 GMT+0100 (CET)

error: Fehler beim Versenden einiger Referenzen nach 'git@github.com:energychain/stromkonto.git'


----------

Tue Dec 18 2018 11:34:14 GMT+0100 (CET)

To github.com:energychain/stromkonto.git
   05ef6fa..2b96f41  master -> master


----------

Fri Dec 21 2018 03:49:30 GMT+0100 (CET)

To github.com:energychain/stromkonto.git
   2b96f41..feb1e41  master -> master


----------

Fri Dec 21 2018 04:15:37 GMT+0100 (CET)

To github.com:energychain/stromkonto.git
   feb1e41..217511d  master -> master


